{"contracts/core/Crops.sol":{"l":{"13":4,"14":1,"16":3,"17":0,"19":3,"21":3},"path":"/Users/touqeershah/Movies/Personal_Space/NFT-ERC-1155/contracts/core/Crops.sol","s":{"1":4,"2":3,"3":3,"4":3},"b":{"1":[1,3],"2":[0,3]},"f":{"1":4},"fnMap":{"1":{"name":"constructor","line":12,"loc":{"start":{"line":8,"column":4},"end":{"line":22,"column":4}}}},"statementMap":{"1":{"start":{"line":13,"column":8},"end":{"line":13,"column":363}},"2":{"start":{"line":16,"column":8},"end":{"line":16,"column":515}},"3":{"start":{"line":19,"column":8},"end":{"line":19,"column":59}},"4":{"start":{"line":21,"column":8},"end":{"line":21,"column":57}}},"branchMap":{"1":{"line":13,"type":"if","locations":[{"start":{"line":13,"column":8},"end":{"line":13,"column":8}},{"start":{"line":13,"column":8},"end":{"line":13,"column":8}}]},"2":{"line":16,"type":"if","locations":[{"start":{"line":16,"column":8},"end":{"line":16,"column":8}},{"start":{"line":16,"column":8},"end":{"line":16,"column":8}}]}}},"contracts/core/DaiToken.sol":{"l":{"16":3,"17":3,"21":1},"path":"/Users/touqeershah/Movies/Personal_Space/NFT-ERC-1155/contracts/core/DaiToken.sol","s":{"1":3,"2":3,"3":1},"b":{},"f":{"1":3,"2":1},"fnMap":{"1":{"name":"constructor","line":15,"loc":{"start":{"line":10,"column":4},"end":{"line":18,"column":4}}},"2":{"name":"decimals","line":20,"loc":{"start":{"line":20,"column":4},"end":{"line":22,"column":4}}}},"statementMap":{"1":{"start":{"line":16,"column":8},"end":{"line":16,"column":17}},"2":{"start":{"line":17,"column":8},"end":{"line":17,"column":40}},"3":{"start":{"line":21,"column":8},"end":{"line":21,"column":18}}},"branchMap":{}},"contracts/core/NFTFarm.sol":{"l":{"31":3,"32":3,"33":3,"41":4,"42":2,"44":2,"45":2,"46":5,"48":2,"52":10,"53":1,"55":9,"56":9,"57":0,"59":9,"62":9,"63":0,"65":9,"66":9,"67":9,"72":4,"73":1,"75":3,"76":6,"77":6,"78":6,"79":6,"80":1,"82":5,"83":1,"85":4,"87":4,"88":4,"89":4,"90":4,"92":1,"93":1,"97":2,"98":2,"99":1,"102":1,"103":1,"104":0,"107":1,"108":1,"109":1,"110":1,"111":1,"115":17,"116":17,"120":17,"124":1},"path":"/Users/touqeershah/Movies/Personal_Space/NFT-ERC-1155/contracts/core/NFTFarm.sol","s":{"1":3,"2":3,"3":3,"4":4,"5":2,"6":2,"7":5,"8":2,"9":10,"10":9,"11":9,"12":9,"13":9,"14":0,"15":9,"16":9,"17":9,"18":4,"19":3,"20":6,"21":6,"22":6,"23":6,"24":5,"25":4,"26":4,"27":4,"28":4,"29":4,"30":1,"31":1,"32":2,"33":2,"34":1,"35":1,"36":1,"37":1,"38":1,"39":1,"40":1,"41":17,"42":17,"43":17,"44":1},"b":{"1":[2,2],"2":[1,9],"3":[0,9],"4":[0,9],"5":[1,3],"6":[1,5],"7":[1,4],"8":[1,1],"9":[0,1]},"f":{"1":3,"2":4,"3":10,"4":4,"5":2,"6":17,"7":17,"8":1},"fnMap":{"1":{"name":"constructor","line":30,"loc":{"start":{"line":30,"column":4},"end":{"line":34,"column":4}}},"2":{"name":"addNFTs","line":40,"loc":{"start":{"line":36,"column":4},"end":{"line":49,"column":4}}},"3":{"name":"stakeTokens","line":51,"loc":{"start":{"line":51,"column":4},"end":{"line":68,"column":4}}},"4":{"name":"claimNFTs","line":71,"loc":{"start":{"line":71,"column":4},"end":{"line":94,"column":4}}},"5":{"name":"unstakeTokens","line":96,"loc":{"start":{"line":96,"column":4},"end":{"line":112,"column":4}}},"6":{"name":"pointsBalance","line":114,"loc":{"start":{"line":114,"column":4},"end":{"line":117,"column":4}}},"7":{"name":"_unDebitedPoints","line":119,"loc":{"start":{"line":119,"column":4},"end":{"line":121,"column":4}}},"8":{"name":"nftCount","line":123,"loc":{"start":{"line":123,"column":4},"end":{"line":125,"column":4}}}},"statementMap":{"1":{"start":{"line":31,"column":8},"end":{"line":31,"column":35}},"2":{"start":{"line":32,"column":8},"end":{"line":32,"column":21}},"3":{"start":{"line":33,"column":8},"end":{"line":33,"column":21}},"4":{"start":{"line":41,"column":8},"end":{"line":41,"column":1455}},"5":{"start":{"line":44,"column":8},"end":{"line":44,"column":80}},"6":{"start":{"line":45,"column":8},"end":{"line":45,"column":1722}},"7":{"start":{"line":46,"column":12},"end":{"line":46,"column":89}},"8":{"start":{"line":48,"column":8},"end":{"line":48,"column":49}},"9":{"start":{"line":52,"column":8},"end":{"line":52,"column":1986}},"10":{"start":{"line":55,"column":8},"end":{"line":55,"column":76}},"11":{"start":{"line":56,"column":8},"end":{"line":56,"column":2152}},"12":{"start":{"line":59,"column":8},"end":{"line":59,"column":52}},"13":{"start":{"line":62,"column":8},"end":{"line":62,"column":2320}},"14":{"start":{"line":63,"column":12},"end":{"line":63,"column":54}},"15":{"start":{"line":65,"column":8},"end":{"line":65,"column":35}},"16":{"start":{"line":66,"column":8},"end":{"line":66,"column":42}},"17":{"start":{"line":67,"column":8},"end":{"line":67,"column":33}},"18":{"start":{"line":72,"column":8},"end":{"line":72,"column":2694}},"19":{"start":{"line":75,"column":8},"end":{"line":75,"column":2852}},"20":{"start":{"line":76,"column":12},"end":{"line":76,"column":56}},"21":{"start":{"line":77,"column":12},"end":{"line":77,"column":53}},"22":{"start":{"line":78,"column":12},"end":{"line":78,"column":54}},"23":{"start":{"line":79,"column":12},"end":{"line":79,"column":3087}},"24":{"start":{"line":82,"column":12},"end":{"line":82,"column":3201}},"25":{"start":{"line":85,"column":12},"end":{"line":85,"column":55}},"26":{"start":{"line":87,"column":12},"end":{"line":87,"column":42}},"27":{"start":{"line":88,"column":12},"end":{"line":88,"column":46}},"28":{"start":{"line":89,"column":12},"end":{"line":89,"column":38}},"29":{"start":{"line":90,"column":12},"end":{"line":90,"column":42}},"30":{"start":{"line":92,"column":8},"end":{"line":92,"column":91}},"31":{"start":{"line":93,"column":8},"end":{"line":93,"column":62}},"32":{"start":{"line":97,"column":8},"end":{"line":97,"column":51}},"33":{"start":{"line":98,"column":8},"end":{"line":98,"column":3826}},"34":{"start":{"line":102,"column":8},"end":{"line":102,"column":67}},"35":{"start":{"line":103,"column":8},"end":{"line":103,"column":3994}},"36":{"start":{"line":107,"column":8},"end":{"line":107,"column":50}},"37":{"start":{"line":108,"column":8},"end":{"line":108,"column":28}},"38":{"start":{"line":109,"column":8},"end":{"line":109,"column":42}},"39":{"start":{"line":110,"column":8},"end":{"line":110,"column":34}},"40":{"start":{"line":111,"column":8},"end":{"line":111,"column":55}},"41":{"start":{"line":115,"column":8},"end":{"line":115,"column":53}},"42":{"start":{"line":116,"column":8},"end":{"line":116,"column":59}},"43":{"start":{"line":120,"column":8},"end":{"line":120,"column":89}},"44":{"start":{"line":124,"column":8},"end":{"line":124,"column":29}}},"branchMap":{"1":{"line":41,"type":"if","locations":[{"start":{"line":41,"column":8},"end":{"line":41,"column":8}},{"start":{"line":41,"column":8},"end":{"line":41,"column":8}}]},"2":{"line":52,"type":"if","locations":[{"start":{"line":52,"column":8},"end":{"line":52,"column":8}},{"start":{"line":52,"column":8},"end":{"line":52,"column":8}}]},"3":{"line":56,"type":"if","locations":[{"start":{"line":56,"column":8},"end":{"line":56,"column":8}},{"start":{"line":56,"column":8},"end":{"line":56,"column":8}}]},"4":{"line":62,"type":"if","locations":[{"start":{"line":62,"column":8},"end":{"line":62,"column":8}},{"start":{"line":62,"column":8},"end":{"line":62,"column":8}}]},"5":{"line":72,"type":"if","locations":[{"start":{"line":72,"column":8},"end":{"line":72,"column":8}},{"start":{"line":72,"column":8},"end":{"line":72,"column":8}}]},"6":{"line":79,"type":"if","locations":[{"start":{"line":79,"column":12},"end":{"line":79,"column":12}},{"start":{"line":79,"column":12},"end":{"line":79,"column":12}}]},"7":{"line":82,"type":"if","locations":[{"start":{"line":82,"column":12},"end":{"line":82,"column":12}},{"start":{"line":82,"column":12},"end":{"line":82,"column":12}}]},"8":{"line":98,"type":"if","locations":[{"start":{"line":98,"column":8},"end":{"line":98,"column":8}},{"start":{"line":98,"column":8},"end":{"line":98,"column":8}}]},"9":{"line":103,"type":"if","locations":[{"start":{"line":103,"column":8},"end":{"line":103,"column":8}},{"start":{"line":103,"column":8},"end":{"line":103,"column":8}}]}}},"contracts/Interfaces/ICrops.sol":{"l":{},"path":"/Users/touqeershah/Movies/Personal_Space/NFT-ERC-1155/contracts/Interfaces/ICrops.sol","s":{},"b":{},"f":{},"fnMap":{},"statementMap":{},"branchMap":{}},"contracts/Interfaces/INFTFarm.sol":{"l":{},"path":"/Users/touqeershah/Movies/Personal_Space/NFT-ERC-1155/contracts/Interfaces/INFTFarm.sol","s":{},"b":{},"f":{},"fnMap":{},"statementMap":{},"branchMap":{}},"contracts/test/FarmeTest.sol":{"l":{"19":0,"20":0,"21":0,"22":0,"23":0,"26":0,"27":0,"28":0,"29":0,"31":0,"39":0,"43":0,"47":0,"51":0,"55":0},"path":"/Users/touqeershah/Movies/Personal_Space/NFT-ERC-1155/contracts/test/FarmeTest.sol","s":{"1":0,"2":0,"3":0,"4":0,"5":0,"6":0,"7":0,"8":0,"9":0,"10":0,"11":0,"12":0,"13":0,"14":0,"15":0},"b":{},"f":{"1":0,"2":0,"3":0,"4":0,"5":0,"6":0},"fnMap":{"1":{"name":"constructor","line":18,"loc":{"start":{"line":18,"column":4},"end":{"line":32,"column":4}}},"2":{"name":"addNFTs","line":34,"loc":{"start":{"line":34,"column":4},"end":{"line":40,"column":4}}},"3":{"name":"stakeTokens","line":42,"loc":{"start":{"line":42,"column":4},"end":{"line":44,"column":4}}},"4":{"name":"claimNFTs","line":46,"loc":{"start":{"line":46,"column":4},"end":{"line":48,"column":4}}},"5":{"name":"unstakeTokens","line":50,"loc":{"start":{"line":50,"column":4},"end":{"line":52,"column":4}}},"6":{"name":"echidna_void","line":54,"loc":{"start":{"line":54,"column":4},"end":{"line":56,"column":4}}}},"statementMap":{"1":{"start":{"line":19,"column":8},"end":{"line":19,"column":39}},"2":{"start":{"line":20,"column":8},"end":{"line":20,"column":41}},"3":{"start":{"line":21,"column":8},"end":{"line":21,"column":31}},"4":{"start":{"line":22,"column":8},"end":{"line":22,"column":54}},"5":{"start":{"line":23,"column":8},"end":{"line":23,"column":882}},"6":{"start":{"line":26,"column":8},"end":{"line":26,"column":78}},"7":{"start":{"line":27,"column":8},"end":{"line":27,"column":42}},"8":{"start":{"line":28,"column":8},"end":{"line":28,"column":42}},"9":{"start":{"line":29,"column":8},"end":{"line":29,"column":51}},"10":{"start":{"line":31,"column":8},"end":{"line":31,"column":46}},"11":{"start":{"line":39,"column":8},"end":{"line":39,"column":43}},"12":{"start":{"line":43,"column":8},"end":{"line":43,"column":32}},"13":{"start":{"line":47,"column":8},"end":{"line":47,"column":47}},"14":{"start":{"line":51,"column":8},"end":{"line":51,"column":27}},"15":{"start":{"line":55,"column":8},"end":{"line":55,"column":19}}},"branchMap":{}}}