{"contracts/core/Crops.sol":{"l":{"13":4,"14":1,"16":3,"17":0,"19":3,"21":3},"path":"/Users/touqeershah/Movies/Personal_Space/NFT-ERC-1155/contracts/core/Crops.sol","s":{"1":4,"2":3,"3":3,"4":3},"b":{"1":[1,3],"2":[0,3]},"f":{"1":4},"fnMap":{"1":{"name":"constructor","line":12,"loc":{"start":{"line":8,"column":4},"end":{"line":22,"column":4}}}},"statementMap":{"1":{"start":{"line":13,"column":8},"end":{"line":13,"column":363}},"2":{"start":{"line":16,"column":8},"end":{"line":16,"column":515}},"3":{"start":{"line":19,"column":8},"end":{"line":19,"column":59}},"4":{"start":{"line":21,"column":8},"end":{"line":21,"column":57}}},"branchMap":{"1":{"line":13,"type":"if","locations":[{"start":{"line":13,"column":8},"end":{"line":13,"column":8}},{"start":{"line":13,"column":8},"end":{"line":13,"column":8}}]},"2":{"line":16,"type":"if","locations":[{"start":{"line":16,"column":8},"end":{"line":16,"column":8}},{"start":{"line":16,"column":8},"end":{"line":16,"column":8}}]}}},"contracts/core/DaiToken.sol":{"l":{"16":3,"17":3,"21":1},"path":"/Users/touqeershah/Movies/Personal_Space/NFT-ERC-1155/contracts/core/DaiToken.sol","s":{"1":3,"2":3,"3":1},"b":{},"f":{"1":3,"2":1},"fnMap":{"1":{"name":"constructor","line":15,"loc":{"start":{"line":10,"column":4},"end":{"line":18,"column":4}}},"2":{"name":"decimals","line":20,"loc":{"start":{"line":20,"column":4},"end":{"line":22,"column":4}}}},"statementMap":{"1":{"start":{"line":16,"column":8},"end":{"line":16,"column":17}},"2":{"start":{"line":17,"column":8},"end":{"line":17,"column":40}},"3":{"start":{"line":21,"column":8},"end":{"line":21,"column":18}}},"branchMap":{}},"contracts/core/NFTFarm.sol":{"l":{"31":3,"32":3,"33":3,"41":4,"42":2,"44":2,"45":2,"46":5,"48":2,"52":10,"53":1,"55":9,"57":9,"60":9,"61":0,"63":9,"64":9,"65":9,"70":4,"71":1,"73":3,"74":6,"75":6,"76":6,"77":6,"78":1,"80":5,"81":1,"83":4,"85":4,"86":4,"87":4,"88":4,"90":1,"91":1,"95":2,"96":2,"97":1,"100":1,"103":1,"104":1,"105":1,"106":1,"107":1,"111":17,"112":17,"116":17,"120":1},"path":"/Users/touqeershah/Movies/Personal_Space/NFT-ERC-1155/contracts/core/NFTFarm.sol","s":{"1":3,"2":3,"3":3,"4":4,"5":2,"6":2,"7":5,"8":2,"9":10,"10":9,"11":9,"12":9,"13":0,"14":9,"15":9,"16":9,"17":4,"18":3,"19":6,"20":6,"21":6,"22":6,"23":5,"24":4,"25":4,"26":4,"27":4,"28":4,"29":1,"30":1,"31":2,"32":2,"33":1,"34":1,"35":1,"36":1,"37":1,"38":1,"39":17,"40":17,"41":17,"42":1},"b":{"1":[2,2],"2":[1,9],"3":[0,9],"4":[1,3],"5":[1,5],"6":[1,4],"7":[1,1]},"f":{"1":3,"2":4,"3":10,"4":4,"5":2,"6":17,"7":17,"8":1},"fnMap":{"1":{"name":"constructor","line":30,"loc":{"start":{"line":30,"column":4},"end":{"line":34,"column":4}}},"2":{"name":"addNFTs","line":40,"loc":{"start":{"line":36,"column":4},"end":{"line":49,"column":4}}},"3":{"name":"stakeTokens","line":51,"loc":{"start":{"line":51,"column":4},"end":{"line":66,"column":4}}},"4":{"name":"claimNFTs","line":69,"loc":{"start":{"line":69,"column":4},"end":{"line":92,"column":4}}},"5":{"name":"unstakeTokens","line":94,"loc":{"start":{"line":94,"column":4},"end":{"line":108,"column":4}}},"6":{"name":"pointsBalance","line":110,"loc":{"start":{"line":110,"column":4},"end":{"line":113,"column":4}}},"7":{"name":"_unDebitedPoints","line":115,"loc":{"start":{"line":115,"column":4},"end":{"line":117,"column":4}}},"8":{"name":"nftCount","line":119,"loc":{"start":{"line":119,"column":4},"end":{"line":121,"column":4}}}},"statementMap":{"1":{"start":{"line":31,"column":8},"end":{"line":31,"column":35}},"2":{"start":{"line":32,"column":8},"end":{"line":32,"column":21}},"3":{"start":{"line":33,"column":8},"end":{"line":33,"column":21}},"4":{"start":{"line":41,"column":8},"end":{"line":41,"column":1455}},"5":{"start":{"line":44,"column":8},"end":{"line":44,"column":80}},"6":{"start":{"line":45,"column":8},"end":{"line":45,"column":1722}},"7":{"start":{"line":46,"column":12},"end":{"line":46,"column":89}},"8":{"start":{"line":48,"column":8},"end":{"line":48,"column":49}},"9":{"start":{"line":52,"column":8},"end":{"line":52,"column":1986}},"10":{"start":{"line":55,"column":8},"end":{"line":55,"column":61}},"11":{"start":{"line":57,"column":8},"end":{"line":57,"column":52}},"12":{"start":{"line":60,"column":8},"end":{"line":60,"column":2230}},"13":{"start":{"line":61,"column":12},"end":{"line":61,"column":54}},"14":{"start":{"line":63,"column":8},"end":{"line":63,"column":35}},"15":{"start":{"line":64,"column":8},"end":{"line":64,"column":42}},"16":{"start":{"line":65,"column":8},"end":{"line":65,"column":33}},"17":{"start":{"line":70,"column":8},"end":{"line":70,"column":2604}},"18":{"start":{"line":73,"column":8},"end":{"line":73,"column":2762}},"19":{"start":{"line":74,"column":12},"end":{"line":74,"column":57}},"20":{"start":{"line":75,"column":12},"end":{"line":75,"column":53}},"21":{"start":{"line":76,"column":12},"end":{"line":76,"column":54}},"22":{"start":{"line":77,"column":12},"end":{"line":77,"column":2998}},"23":{"start":{"line":80,"column":12},"end":{"line":80,"column":3112}},"24":{"start":{"line":83,"column":12},"end":{"line":83,"column":55}},"25":{"start":{"line":85,"column":12},"end":{"line":85,"column":42}},"26":{"start":{"line":86,"column":12},"end":{"line":86,"column":46}},"27":{"start":{"line":87,"column":12},"end":{"line":87,"column":38}},"28":{"start":{"line":88,"column":12},"end":{"line":88,"column":42}},"29":{"start":{"line":90,"column":8},"end":{"line":90,"column":91}},"30":{"start":{"line":91,"column":8},"end":{"line":91,"column":62}},"31":{"start":{"line":95,"column":8},"end":{"line":95,"column":51}},"32":{"start":{"line":96,"column":8},"end":{"line":96,"column":3737}},"33":{"start":{"line":100,"column":8},"end":{"line":100,"column":52}},"34":{"start":{"line":103,"column":8},"end":{"line":103,"column":50}},"35":{"start":{"line":104,"column":8},"end":{"line":104,"column":28}},"36":{"start":{"line":105,"column":8},"end":{"line":105,"column":42}},"37":{"start":{"line":106,"column":8},"end":{"line":106,"column":34}},"38":{"start":{"line":107,"column":8},"end":{"line":107,"column":55}},"39":{"start":{"line":111,"column":8},"end":{"line":111,"column":53}},"40":{"start":{"line":112,"column":8},"end":{"line":112,"column":59}},"41":{"start":{"line":116,"column":8},"end":{"line":116,"column":89}},"42":{"start":{"line":120,"column":8},"end":{"line":120,"column":29}}},"branchMap":{"1":{"line":41,"type":"if","locations":[{"start":{"line":41,"column":8},"end":{"line":41,"column":8}},{"start":{"line":41,"column":8},"end":{"line":41,"column":8}}]},"2":{"line":52,"type":"if","locations":[{"start":{"line":52,"column":8},"end":{"line":52,"column":8}},{"start":{"line":52,"column":8},"end":{"line":52,"column":8}}]},"3":{"line":60,"type":"if","locations":[{"start":{"line":60,"column":8},"end":{"line":60,"column":8}},{"start":{"line":60,"column":8},"end":{"line":60,"column":8}}]},"4":{"line":70,"type":"if","locations":[{"start":{"line":70,"column":8},"end":{"line":70,"column":8}},{"start":{"line":70,"column":8},"end":{"line":70,"column":8}}]},"5":{"line":77,"type":"if","locations":[{"start":{"line":77,"column":12},"end":{"line":77,"column":12}},{"start":{"line":77,"column":12},"end":{"line":77,"column":12}}]},"6":{"line":80,"type":"if","locations":[{"start":{"line":80,"column":12},"end":{"line":80,"column":12}},{"start":{"line":80,"column":12},"end":{"line":80,"column":12}}]},"7":{"line":96,"type":"if","locations":[{"start":{"line":96,"column":8},"end":{"line":96,"column":8}},{"start":{"line":96,"column":8},"end":{"line":96,"column":8}}]}}},"contracts/Interfaces/ICrops.sol":{"l":{},"path":"/Users/touqeershah/Movies/Personal_Space/NFT-ERC-1155/contracts/Interfaces/ICrops.sol","s":{},"b":{},"f":{},"fnMap":{},"statementMap":{},"branchMap":{}},"contracts/Interfaces/INFTFarm.sol":{"l":{},"path":"/Users/touqeershah/Movies/Personal_Space/NFT-ERC-1155/contracts/Interfaces/INFTFarm.sol","s":{},"b":{},"f":{},"fnMap":{},"statementMap":{},"branchMap":{}}}